DEPRECATION WARNING: RAILS_ROOT is deprecated! Use Rails.root instead. (called from config at /home/gerrit/Wokspace/netzke-rails3-minimal/vendor/plugins/netzke-core/lib/netzke/base.rb:60)
  [1m[36mSQL (14.2ms)[0m  [1m SELECT name
 FROM sqlite_master
 WHERE type = 'table' AND NOT name = 'sqlite_sequence'
[0m
  [1m[35mSQL (0.2ms)[0m  select sqlite_version(*)
  [1m[36mSQL (118.6ms)[0m  [1mCREATE TABLE "schema_migrations" ("version" varchar(255) NOT NULL) [0m
  [1m[35mSQL (0.1ms)[0m  PRAGMA index_list("schema_migrations")
  [1m[36mSQL (72.0ms)[0m  [1mCREATE UNIQUE INDEX "unique_schema_migrations" ON "schema_migrations" ("version")[0m
  [1m[35mSQL (0.6ms)[0m   SELECT name
 FROM sqlite_master
 WHERE type = 'table' AND NOT name = 'sqlite_sequence'
  [1m[36mSQL (0.6ms)[0m  [1m SELECT name
 FROM sqlite_master
 WHERE type = 'table' AND NOT name = 'sqlite_sequence'
[0m
  [1m[35mSQL (0.3ms)[0m  SELECT "schema_migrations"."version" FROM "schema_migrations"
Migrating to CreateJahresbilanzs (20100630141646)
  [1m[36mSQL (1.4ms)[0m  [1mCREATE TABLE "jahresbilanzs" ("id" INTEGER PRIMARY KEY AUTOINCREMENT NOT NULL, "titel" varchar(255), "verrechenbar" float, "nicht_verrechenbar" float, "rabatt" float, "auslagen" float, "abgeschlossen" boolean, "korrektur" float, "created_at" datetime, "updated_at" datetime) [0m
  [1m[35mSQL (0.4ms)[0m  INSERT INTO "schema_migrations" ("version") VALUES ('20100630141646')
Migrating to CreateNetzkePreferences (20100630141648)
  [1m[36mSQL (1.1ms)[0m  [1mCREATE TABLE "netzke_preferences" ("id" INTEGER PRIMARY KEY AUTOINCREMENT NOT NULL, "name" varchar(255), "pref_type" varchar(255), "value" text, "user_id" integer, "role_id" integer, "widget_name" varchar(255), "created_at" datetime, "updated_at" datetime) [0m
  [1m[35mSQL (0.5ms)[0m  INSERT INTO "schema_migrations" ("version") VALUES ('20100630141648')
Migrating to CreateNetzkeFieldLists (20100630141650)
  [1m[36mSQL (1.2ms)[0m  [1mCREATE TABLE "netzke_field_lists" ("id" INTEGER PRIMARY KEY AUTOINCREMENT NOT NULL, "name" varchar(255), "value" text, "model_name" varchar(255), "user_id" integer, "role_id" integer, "type" varchar(255), "created_at" datetime, "updated_at" datetime) [0m
  [1m[35mSQL (0.5ms)[0m  INSERT INTO "schema_migrations" ("version") VALUES ('20100630141650')
  [1m[36mSQL (0.6ms)[0m  [1m SELECT name
 FROM sqlite_master
 WHERE type = 'table' AND NOT name = 'sqlite_sequence'
[0m
  [1m[35mSQL (0.5ms)[0m  SELECT "schema_migrations"."version" FROM "schema_migrations"
  [1m[36mSQL (0.6ms)[0m  [1m SELECT name
 FROM sqlite_master
 WHERE type = 'table' AND NOT name = 'sqlite_sequence'
[0m
  [1m[35mSQL (0.2ms)[0m  PRAGMA index_list("jahresbilanzs")
  [1m[36mSQL (0.2ms)[0m  [1mPRAGMA index_list("netzke_field_lists")[0m
  [1m[35mSQL (0.2ms)[0m  PRAGMA index_list("netzke_preferences")
DEPRECATION WARNING: RAILS_ROOT is deprecated! Use Rails.root instead. (called from config at /home/gerrit/Wokspace/netzke-rails3-minimal/vendor/plugins/netzke-core/lib/netzke/base.rb:60)
  [1m[36mSQL (0.4ms)[0m  [1mselect sqlite_version(*)[0m
  [1m[35mSQL (0.4ms)[0m   SELECT name
 FROM sqlite_master
 WHERE type = 'table' AND NOT name = 'sqlite_sequence'
  [1m[36mSQL (110.9ms)[0m  [1mCREATE TABLE "jahresbilanzs" ("id" INTEGER PRIMARY KEY AUTOINCREMENT NOT NULL, "titel" varchar(255), "verrechenbar" float, "nicht_verrechenbar" float, "rabatt" float, "auslagen" float, "abgeschlossen" boolean, "korrektur" float, "created_at" datetime, "updated_at" datetime) [0m
  [1m[35mSQL (0.4ms)[0m   SELECT name
 FROM sqlite_master
 WHERE type = 'table' AND NOT name = 'sqlite_sequence'
  [1m[36mSQL (90.5ms)[0m  [1mCREATE TABLE "netzke_field_lists" ("id" INTEGER PRIMARY KEY AUTOINCREMENT NOT NULL, "name" varchar(255), "value" text, "model_name" varchar(255), "user_id" integer, "role_id" integer, "type" varchar(255), "created_at" datetime, "updated_at" datetime) [0m
  [1m[35mSQL (0.6ms)[0m   SELECT name
 FROM sqlite_master
 WHERE type = 'table' AND NOT name = 'sqlite_sequence'
  [1m[36mSQL (112.2ms)[0m  [1mCREATE TABLE "netzke_preferences" ("id" INTEGER PRIMARY KEY AUTOINCREMENT NOT NULL, "name" varchar(255), "pref_type" varchar(255), "value" text, "user_id" integer, "role_id" integer, "widget_name" varchar(255), "created_at" datetime, "updated_at" datetime) [0m
  [1m[35mSQL (0.6ms)[0m   SELECT name
 FROM sqlite_master
 WHERE type = 'table' AND NOT name = 'sqlite_sequence'
  [1m[36mSQL (86.9ms)[0m  [1mCREATE TABLE "schema_migrations" ("version" varchar(255) NOT NULL) [0m
  [1m[35mSQL (0.3ms)[0m  PRAGMA index_list("schema_migrations")
  [1m[36mSQL (79.2ms)[0m  [1mCREATE UNIQUE INDEX "unique_schema_migrations" ON "schema_migrations" ("version")[0m
  [1m[35mSQL (0.7ms)[0m   SELECT name
 FROM sqlite_master
 WHERE type = 'table' AND NOT name = 'sqlite_sequence'
  [1m[36mSQL (0.3ms)[0m  [1mSELECT version FROM "schema_migrations"[0m
  [1m[35mSQL (74.3ms)[0m  INSERT INTO "schema_migrations" (version) VALUES ('20100630141650')
  [1m[36mSQL (65.9ms)[0m  [1mINSERT INTO "schema_migrations" (version) VALUES ('20100630141646')[0m
  [1m[35mSQL (66.2ms)[0m  INSERT INTO "schema_migrations" (version) VALUES ('20100630141648')
DEPRECATION WARNING: RAILS_ROOT is deprecated! Use Rails.root instead. (called from config at /home/gerrit/Wokspace/netzke-rails3-minimal/vendor/plugins/netzke-core/lib/netzke/base.rb:60)
  [1m[36mSQL (0.5ms)[0m  [1m SELECT name
 FROM sqlite_master
 WHERE type = 'table' AND NOT name = 'sqlite_sequence'
[0m
  [1m[35mSQL (0.2ms)[0m  select sqlite_version(*)
  [1m[36mSQL (103.6ms)[0m  [1mCREATE TABLE "schema_migrations" ("version" varchar(255) NOT NULL) [0m
  [1m[35mSQL (0.1ms)[0m  PRAGMA index_list("schema_migrations")
  [1m[36mSQL (60.2ms)[0m  [1mCREATE UNIQUE INDEX "unique_schema_migrations" ON "schema_migrations" ("version")[0m
  [1m[35mSQL (0.7ms)[0m   SELECT name
 FROM sqlite_master
 WHERE type = 'table' AND NOT name = 'sqlite_sequence'
  [1m[36mSQL (0.5ms)[0m  [1m SELECT name
 FROM sqlite_master
 WHERE type = 'table' AND NOT name = 'sqlite_sequence'
[0m
  [1m[35mSQL (0.4ms)[0m  SELECT "schema_migrations"."version" FROM "schema_migrations"
Migrating to CreateProjects (20100630141646)
  [1m[36mSQL (1.6ms)[0m  [1mCREATE TABLE "projects" ("id" INTEGER PRIMARY KEY AUTOINCREMENT NOT NULL, "titel" varchar(255), "hours" integer, "expenses" float, "closed" boolean, "created_at" datetime, "updated_at" datetime) [0m
  [1m[35mSQL (0.5ms)[0m  INSERT INTO "schema_migrations" ("version") VALUES ('20100630141646')
Migrating to CreateNetzkePreferences (20100630141648)
  [1m[36mSQL (1.1ms)[0m  [1mCREATE TABLE "netzke_preferences" ("id" INTEGER PRIMARY KEY AUTOINCREMENT NOT NULL, "name" varchar(255), "pref_type" varchar(255), "value" text, "user_id" integer, "role_id" integer, "widget_name" varchar(255), "created_at" datetime, "updated_at" datetime) [0m
  [1m[35mSQL (0.8ms)[0m  INSERT INTO "schema_migrations" ("version") VALUES ('20100630141648')
Migrating to CreateNetzkeFieldLists (20100630141650)
  [1m[36mSQL (1.1ms)[0m  [1mCREATE TABLE "netzke_field_lists" ("id" INTEGER PRIMARY KEY AUTOINCREMENT NOT NULL, "name" varchar(255), "value" text, "model_name" varchar(255), "user_id" integer, "role_id" integer, "type" varchar(255), "created_at" datetime, "updated_at" datetime) [0m
  [1m[35mSQL (0.8ms)[0m  INSERT INTO "schema_migrations" ("version") VALUES ('20100630141650')
  [1m[36mSQL (0.6ms)[0m  [1m SELECT name
 FROM sqlite_master
 WHERE type = 'table' AND NOT name = 'sqlite_sequence'
[0m
  [1m[35mSQL (1.0ms)[0m  SELECT "schema_migrations"."version" FROM "schema_migrations"
  [1m[36mSQL (0.6ms)[0m  [1m SELECT name
 FROM sqlite_master
 WHERE type = 'table' AND NOT name = 'sqlite_sequence'
[0m
  [1m[35mSQL (0.2ms)[0m  PRAGMA index_list("netzke_field_lists")
  [1m[36mSQL (0.2ms)[0m  [1mPRAGMA index_list("netzke_preferences")[0m
  [1m[35mSQL (0.2ms)[0m  PRAGMA index_list("projects")
